<?xml version="1.0" encoding="UTF-8"?>
<testsuite name="com.one.springboot.web.ProfileControllerUnitTest" tests="3" skipped="0" failures="0" errors="0" timestamp="2020-04-25T14:55:25" hostname="DESKTOP-Q92IOF7" time="0.014">
  <properties/>
  <testcase name="real_profile이_없으면_첫번쨰가_조회된다" classname="com.one.springboot.web.ProfileControllerUnitTest" time="0.014"/>
  <testcase name="active_profile이_없으면_default가_조회된다" classname="com.one.springboot.web.ProfileControllerUnitTest" time="0.0"/>
  <testcase name="real_profile이_조회된다" classname="com.one.springboot.web.ProfileControllerUnitTest" time="0.0"/>
  <system-out><![CDATA[]]></system-out>
  <system-err><![CDATA[]]></system-err>
</testsuite>
