<?xml version="1.0" encoding="UTF-8"?>
<testsuite name="com.one.springboot.web.HelloControllerTest" tests="2" skipped="0" failures="0" errors="0" timestamp="2020-04-25T14:55:25" hostname="DESKTOP-Q92IOF7" time="0.145">
  <properties/>
  <testcase name="hello가_리턴된다" classname="com.one.springboot.web.HelloControllerTest" time="0.043"/>
  <testcase name="helloDto가_리턴된다" classname="com.one.springboot.web.HelloControllerTest" time="0.101"/>
  <system-out><![CDATA[2020-04-25 23:55:23.613  INFO 8456 --- [    Test worker] .b.t.a.w.s.WebMvcTestContextBootstrapper : Neither @ContextConfiguration nor @ContextHierarchy found for test class [com.one.springboot.web.HelloControllerTest], using SpringBootContextLoader
2020-04-25 23:55:23.615  INFO 8456 --- [    Test worker] o.s.t.c.support.AbstractContextLoader    : Could not detect default resource locations for test class [com.one.springboot.web.HelloControllerTest]: no resource found for suffixes {-context.xml, Context.groovy}.
2020-04-25 23:55:23.616  INFO 8456 --- [    Test worker] t.c.s.AnnotationConfigContextLoaderUtils : Could not detect default configuration classes for test class [com.one.springboot.web.HelloControllerTest]: HelloControllerTest does not declare any static, non-private, non-final, nested classes annotated with @Configuration.
2020-04-25 23:55:23.640  INFO 8456 --- [    Test worker] .b.t.c.SpringBootTestContextBootstrapper : Found @SpringBootConfiguration com.one.springboot.Application for test class com.one.springboot.web.HelloControllerTest
2020-04-25 23:55:23.644  INFO 8456 --- [    Test worker] .b.t.a.w.s.WebMvcTestContextBootstrapper : Loaded default TestExecutionListener class names from location [META-INF/spring.factories]: [org.springframework.security.test.context.support.WithSecurityContextTestExecutionListener, org.springframework.security.test.context.support.ReactorContextTestExecutionListener, org.springframework.boot.test.autoconfigure.restdocs.RestDocsTestExecutionListener, org.springframework.boot.test.autoconfigure.web.client.MockRestServiceServerResetTestExecutionListener, org.springframework.boot.test.autoconfigure.web.servlet.MockMvcPrintOnlyOnFailureTestExecutionListener, org.springframework.boot.test.autoconfigure.web.servlet.WebDriverTestExecutionListener, org.springframework.boot.test.mock.mockito.MockitoTestExecutionListener, org.springframework.boot.test.mock.mockito.ResetMocksTestExecutionListener, org.springframework.test.context.web.ServletTestExecutionListener, org.springframework.test.context.support.DirtiesContextBeforeModesTestExecutionListener, org.springframework.test.context.support.DependencyInjectionTestExecutionListener, org.springframework.test.context.support.DirtiesContextTestExecutionListener, org.springframework.test.context.transaction.TransactionalTestExecutionListener, org.springframework.test.context.jdbc.SqlScriptsTestExecutionListener]
2020-04-25 23:55:23.645  INFO 8456 --- [    Test worker] .b.t.a.w.s.WebMvcTestContextBootstrapper : Using TestExecutionListeners: [org.springframework.test.context.web.ServletTestExecutionListener@2a5266bf, org.springframework.test.context.support.DirtiesContextBeforeModesTestExecutionListener@360ead5c, org.springframework.boot.test.mock.mockito.MockitoTestExecutionListener@4096e226, org.springframework.boot.test.autoconfigure.SpringBootDependencyInjectionTestExecutionListener@68365eb8, org.springframework.test.context.support.DirtiesContextTestExecutionListener@51e8aa9f, org.springframework.test.context.transaction.TransactionalTestExecutionListener@12cf99b3, org.springframework.test.context.jdbc.SqlScriptsTestExecutionListener@653fde1e, org.springframework.security.test.context.support.WithSecurityContextTestExecutionListener@3f269f9f, org.springframework.security.test.context.support.ReactorContextTestExecutionListener@2b0e76b6, org.springframework.boot.test.autoconfigure.restdocs.RestDocsTestExecutionListener@45e26065, org.springframework.boot.test.autoconfigure.web.client.MockRestServiceServerResetTestExecutionListener@5e3689e9, org.springframework.boot.test.autoconfigure.web.servlet.MockMvcPrintOnlyOnFailureTestExecutionListener@55e73fd7, org.springframework.boot.test.autoconfigure.web.servlet.WebDriverTestExecutionListener@d84481b, org.springframework.boot.test.mock.mockito.ResetMocksTestExecutionListener@5b33f086]

  .   ____          _            __ _ _
 /\\ / ___'_ __ _ _(_)_ __  __ _ \ \ \ \
( ( )\___ | '_ | '_| | '_ \/ _` | \ \ \ \
 \\/  ___)| |_)| | | | | || (_| |  ) ) ) )
  '  |____| .__|_| |_|_| |_\__, | / / / /
 =========|_|==============|___/=/_/_/_/
 :: Spring Boot ::        (v2.1.7.RELEASE)

2020-04-25 23:55:23.695  INFO 8456 --- [    Test worker] c.o.springboot.web.HelloControllerTest   : Starting HelloControllerTest on DESKTOP-Q92IOF7 with PID 8456 (started by neo in C:\Users\neo\IdeaProjects\one)
2020-04-25 23:55:23.696  INFO 8456 --- [    Test worker] c.o.springboot.web.HelloControllerTest   : No active profile set, falling back to default profiles: default
2020-04-25 23:55:24.564  INFO 8456 --- [    Test worker] o.s.s.concurrent.ThreadPoolTaskExecutor  : Initializing ExecutorService 'applicationTaskExecutor'
2020-04-25 23:55:24.605  INFO 8456 --- [    Test worker] o.s.b.a.w.s.WelcomePageHandlerMapping    : Adding welcome page template: index
2020-04-25 23:55:24.880  INFO 8456 --- [    Test worker] .s.s.UserDetailsServiceAutoConfiguration : 

Using generated security password: d325be2d-56c3-47e1-9341-e9eb329a14de

2020-04-25 23:55:25.068  INFO 8456 --- [    Test worker] o.s.s.web.DefaultSecurityFilterChain     : Creating filter chain: any request, [org.springframework.security.web.context.request.async.WebAsyncManagerIntegrationFilter@3ec984e, org.springframework.security.web.context.SecurityContextPersistenceFilter@729f4af3, org.springframework.security.web.header.HeaderWriterFilter@29e87b31, org.springframework.security.web.csrf.CsrfFilter@10d82351, org.springframework.security.web.authentication.logout.LogoutFilter@111406c0, org.springframework.security.web.authentication.UsernamePasswordAuthenticationFilter@56125306, org.springframework.security.web.authentication.ui.DefaultLoginPageGeneratingFilter@4b05a94d, org.springframework.security.web.authentication.ui.DefaultLogoutPageGeneratingFilter@27b32a7e, org.springframework.security.web.authentication.www.BasicAuthenticationFilter@3a1cef3c, org.springframework.security.web.savedrequest.RequestCacheAwareFilter@1ba0595, org.springframework.security.web.servletapi.SecurityContextHolderAwareRequestFilter@6b61d760, org.springframework.security.web.authentication.AnonymousAuthenticationFilter@7a8b44bb, org.springframework.security.web.session.SessionManagementFilter@78fb07f6, org.springframework.security.web.access.ExceptionTranslationFilter@fef9732, org.springframework.security.web.access.intercept.FilterSecurityInterceptor@5321843d]
2020-04-25 23:55:25.091  INFO 8456 --- [    Test worker] o.s.b.t.m.w.SpringBootMockServletContext : Initializing Spring TestDispatcherServlet ''
2020-04-25 23:55:25.092  INFO 8456 --- [    Test worker] o.s.t.web.servlet.TestDispatcherServlet  : Initializing Servlet ''
2020-04-25 23:55:25.105  INFO 8456 --- [    Test worker] o.s.t.web.servlet.TestDispatcherServlet  : Completed initialization in 12 ms
2020-04-25 23:55:25.147  INFO 8456 --- [    Test worker] c.o.springboot.web.HelloControllerTest   : Started HelloControllerTest in 1.499 seconds (JVM running for 18.216)
]]></system-out>
  <system-err><![CDATA[]]></system-err>
</testsuite>
