<?xml version="1.0" encoding="UTF-8"?>
<testsuite name="com.one.springboot.web.PostsApiControllerTest" tests="2" skipped="0" failures="0" errors="0" timestamp="2020-04-25T14:55:25" hostname="DESKTOP-Q92IOF7" time="0.141">
  <properties/>
  <testcase name="Posts_등록된다" classname="com.one.springboot.web.PostsApiControllerTest" time="0.096"/>
  <testcase name="Posts_수정된다" classname="com.one.springboot.web.PostsApiControllerTest" time="0.044"/>
  <system-out><![CDATA[2020-04-25 23:55:25.304  INFO 8456 --- [    Test worker] .b.t.c.SpringBootTestContextBootstrapper : Neither @ContextConfiguration nor @ContextHierarchy found for test class [com.one.springboot.web.PostsApiControllerTest], using SpringBootContextLoader
2020-04-25 23:55:25.305  INFO 8456 --- [    Test worker] o.s.t.c.support.AbstractContextLoader    : Could not detect default resource locations for test class [com.one.springboot.web.PostsApiControllerTest]: no resource found for suffixes {-context.xml, Context.groovy}.
2020-04-25 23:55:25.305  INFO 8456 --- [    Test worker] t.c.s.AnnotationConfigContextLoaderUtils : Could not detect default configuration classes for test class [com.one.springboot.web.PostsApiControllerTest]: PostsApiControllerTest does not declare any static, non-private, non-final, nested classes annotated with @Configuration.
2020-04-25 23:55:25.309  INFO 8456 --- [    Test worker] .b.t.c.SpringBootTestContextBootstrapper : Found @SpringBootConfiguration com.one.springboot.Application for test class com.one.springboot.web.PostsApiControllerTest
2020-04-25 23:55:25.311  INFO 8456 --- [    Test worker] .b.t.c.SpringBootTestContextBootstrapper : Loaded default TestExecutionListener class names from location [META-INF/spring.factories]: [org.springframework.security.test.context.support.WithSecurityContextTestExecutionListener, org.springframework.security.test.context.support.ReactorContextTestExecutionListener, org.springframework.boot.test.autoconfigure.restdocs.RestDocsTestExecutionListener, org.springframework.boot.test.autoconfigure.web.client.MockRestServiceServerResetTestExecutionListener, org.springframework.boot.test.autoconfigure.web.servlet.MockMvcPrintOnlyOnFailureTestExecutionListener, org.springframework.boot.test.autoconfigure.web.servlet.WebDriverTestExecutionListener, org.springframework.boot.test.mock.mockito.MockitoTestExecutionListener, org.springframework.boot.test.mock.mockito.ResetMocksTestExecutionListener, org.springframework.test.context.web.ServletTestExecutionListener, org.springframework.test.context.support.DirtiesContextBeforeModesTestExecutionListener, org.springframework.test.context.support.DependencyInjectionTestExecutionListener, org.springframework.test.context.support.DirtiesContextTestExecutionListener, org.springframework.test.context.transaction.TransactionalTestExecutionListener, org.springframework.test.context.jdbc.SqlScriptsTestExecutionListener]
2020-04-25 23:55:25.313  INFO 8456 --- [    Test worker] .b.t.c.SpringBootTestContextBootstrapper : Using TestExecutionListeners: [org.springframework.test.context.web.ServletTestExecutionListener@250b8c18, org.springframework.test.context.support.DirtiesContextBeforeModesTestExecutionListener@785bf2ef, org.springframework.boot.test.mock.mockito.MockitoTestExecutionListener@7e191052, org.springframework.boot.test.autoconfigure.SpringBootDependencyInjectionTestExecutionListener@2b6a4b5c, org.springframework.test.context.support.DirtiesContextTestExecutionListener@52f86965, org.springframework.test.context.transaction.TransactionalTestExecutionListener@7593355f, org.springframework.test.context.jdbc.SqlScriptsTestExecutionListener@43be203f, org.springframework.security.test.context.support.WithSecurityContextTestExecutionListener@3af7a3bf, org.springframework.security.test.context.support.ReactorContextTestExecutionListener@2b5546c5, org.springframework.boot.test.autoconfigure.restdocs.RestDocsTestExecutionListener@4780a73d, org.springframework.boot.test.autoconfigure.web.client.MockRestServiceServerResetTestExecutionListener@750dc82a, org.springframework.boot.test.autoconfigure.web.servlet.MockMvcPrintOnlyOnFailureTestExecutionListener@72e0776f, org.springframework.boot.test.autoconfigure.web.servlet.WebDriverTestExecutionListener@73827498, org.springframework.boot.test.mock.mockito.ResetMocksTestExecutionListener@31798c9a]
2020-04-25 23:55:25.323  INFO 8456 --- [    Test worker] o.a.c.c.C.[Tomcat].[localhost].[/]       : Initializing Spring TestDispatcherServlet ''
2020-04-25 23:55:25.323  INFO 8456 --- [    Test worker] o.s.t.web.servlet.TestDispatcherServlet  : Initializing Servlet ''
2020-04-25 23:55:25.329  INFO 8456 --- [    Test worker] o.s.t.web.servlet.TestDispatcherServlet  : Completed initialization in 6 ms
Hibernate: insert into posts (created_date, modified_date, author, content, title) values (?, ?, ?, ?, ?)
Hibernate: select posts0_.id as id1_0_, posts0_.created_date as created_2_0_, posts0_.modified_date as modified3_0_, posts0_.author as author4_0_, posts0_.content as content5_0_, posts0_.title as title6_0_ from posts posts0_
Hibernate: select posts0_.id as id1_0_, posts0_.created_date as created_2_0_, posts0_.modified_date as modified3_0_, posts0_.author as author4_0_, posts0_.content as content5_0_, posts0_.title as title6_0_ from posts posts0_
Hibernate: delete from posts where id=?
2020-04-25 23:55:25.421  INFO 8456 --- [    Test worker] o.a.c.c.C.[Tomcat].[localhost].[/]       : Initializing Spring TestDispatcherServlet ''
2020-04-25 23:55:25.421  INFO 8456 --- [    Test worker] o.s.t.web.servlet.TestDispatcherServlet  : Initializing Servlet ''
2020-04-25 23:55:25.424  INFO 8456 --- [    Test worker] o.s.t.web.servlet.TestDispatcherServlet  : Completed initialization in 3 ms
Hibernate: insert into posts (created_date, modified_date, author, content, title) values (?, ?, ?, ?, ?)
Hibernate: select posts0_.id as id1_0_0_, posts0_.created_date as created_2_0_0_, posts0_.modified_date as modified3_0_0_, posts0_.author as author4_0_0_, posts0_.content as content5_0_0_, posts0_.title as title6_0_0_ from posts posts0_ where posts0_.id=?
Hibernate: update posts set created_date=?, modified_date=?, author=?, content=?, title=? where id=?
Hibernate: select posts0_.id as id1_0_, posts0_.created_date as created_2_0_, posts0_.modified_date as modified3_0_, posts0_.author as author4_0_, posts0_.content as content5_0_, posts0_.title as title6_0_ from posts posts0_
Hibernate: select posts0_.id as id1_0_, posts0_.created_date as created_2_0_, posts0_.modified_date as modified3_0_, posts0_.author as author4_0_, posts0_.content as content5_0_, posts0_.title as title6_0_ from posts posts0_
Hibernate: delete from posts where id=?
]]></system-out>
  <system-err><![CDATA[]]></system-err>
</testsuite>
