<?xml version="1.0" encoding="UTF-8"?>
<testsuite name="com.one.springboot.web.ProfileControllerTest" tests="1" skipped="0" failures="0" errors="0" timestamp="2020-04-25T14:55:25" hostname="DESKTOP-Q92IOF7" time="0.021">
  <properties/>
  <testcase name="profile은_인증없이_호출된다" classname="com.one.springboot.web.ProfileControllerTest" time="0.021"/>
  <system-out><![CDATA[2020-04-25 23:55:25.464  INFO 8456 --- [    Test worker] .b.t.c.SpringBootTestContextBootstrapper : Neither @ContextConfiguration nor @ContextHierarchy found for test class [com.one.springboot.web.ProfileControllerTest], using SpringBootContextLoader
2020-04-25 23:55:25.465  INFO 8456 --- [    Test worker] o.s.t.c.support.AbstractContextLoader    : Could not detect default resource locations for test class [com.one.springboot.web.ProfileControllerTest]: no resource found for suffixes {-context.xml, Context.groovy}.
2020-04-25 23:55:25.466  INFO 8456 --- [    Test worker] t.c.s.AnnotationConfigContextLoaderUtils : Could not detect default configuration classes for test class [com.one.springboot.web.ProfileControllerTest]: ProfileControllerTest does not declare any static, non-private, non-final, nested classes annotated with @Configuration.
2020-04-25 23:55:25.468  INFO 8456 --- [    Test worker] .b.t.c.SpringBootTestContextBootstrapper : Found @SpringBootConfiguration com.one.springboot.Application for test class com.one.springboot.web.ProfileControllerTest
2020-04-25 23:55:25.469  INFO 8456 --- [    Test worker] .b.t.c.SpringBootTestContextBootstrapper : Loaded default TestExecutionListener class names from location [META-INF/spring.factories]: [org.springframework.security.test.context.support.WithSecurityContextTestExecutionListener, org.springframework.security.test.context.support.ReactorContextTestExecutionListener, org.springframework.boot.test.autoconfigure.restdocs.RestDocsTestExecutionListener, org.springframework.boot.test.autoconfigure.web.client.MockRestServiceServerResetTestExecutionListener, org.springframework.boot.test.autoconfigure.web.servlet.MockMvcPrintOnlyOnFailureTestExecutionListener, org.springframework.boot.test.autoconfigure.web.servlet.WebDriverTestExecutionListener, org.springframework.boot.test.mock.mockito.MockitoTestExecutionListener, org.springframework.boot.test.mock.mockito.ResetMocksTestExecutionListener, org.springframework.test.context.web.ServletTestExecutionListener, org.springframework.test.context.support.DirtiesContextBeforeModesTestExecutionListener, org.springframework.test.context.support.DependencyInjectionTestExecutionListener, org.springframework.test.context.support.DirtiesContextTestExecutionListener, org.springframework.test.context.transaction.TransactionalTestExecutionListener, org.springframework.test.context.jdbc.SqlScriptsTestExecutionListener]
2020-04-25 23:55:25.470  INFO 8456 --- [    Test worker] .b.t.c.SpringBootTestContextBootstrapper : Using TestExecutionListeners: [org.springframework.test.context.web.ServletTestExecutionListener@71e8fbc2, org.springframework.test.context.support.DirtiesContextBeforeModesTestExecutionListener@6628107e, org.springframework.boot.test.mock.mockito.MockitoTestExecutionListener@367d45e1, org.springframework.boot.test.autoconfigure.SpringBootDependencyInjectionTestExecutionListener@1d593532, org.springframework.test.context.support.DirtiesContextTestExecutionListener@2bd9ebb0, org.springframework.test.context.transaction.TransactionalTestExecutionListener@dd4b555, org.springframework.test.context.jdbc.SqlScriptsTestExecutionListener@51daab43, org.springframework.security.test.context.support.WithSecurityContextTestExecutionListener@5fef4ef, org.springframework.security.test.context.support.ReactorContextTestExecutionListener@611e0b8b, org.springframework.boot.test.autoconfigure.restdocs.RestDocsTestExecutionListener@49c874e0, org.springframework.boot.test.autoconfigure.web.client.MockRestServiceServerResetTestExecutionListener@4dcc4e29, org.springframework.boot.test.autoconfigure.web.servlet.MockMvcPrintOnlyOnFailureTestExecutionListener@3fe782f3, org.springframework.boot.test.autoconfigure.web.servlet.WebDriverTestExecutionListener@2eb484d7, org.springframework.boot.test.mock.mockito.ResetMocksTestExecutionListener@24d18a95]
]]></system-out>
  <system-err><![CDATA[]]></system-err>
</testsuite>
