<?xml version="1.0" encoding="UTF-8"?>
<testsuite name="com.one.springboot.domain.posts.PostsRepositoryTest" tests="2" skipped="0" failures="0" errors="0" timestamp="2020-04-25T14:55:23" hostname="DESKTOP-Q92IOF7" time="0.227">
  <properties/>
  <testcase name="게시글저장_불러오기" classname="com.one.springboot.domain.posts.PostsRepositoryTest" time="0.199"/>
  <testcase name="BaseTimeEntity_등록" classname="com.one.springboot.domain.posts.PostsRepositoryTest" time="0.026"/>
  <system-out><![CDATA[2020-04-25 23:55:20.130  INFO 8456 --- [    Test worker] .b.t.c.SpringBootTestContextBootstrapper : Neither @ContextConfiguration nor @ContextHierarchy found for test class [com.one.springboot.domain.posts.PostsRepositoryTest], using SpringBootContextLoader
2020-04-25 23:55:20.134  INFO 8456 --- [    Test worker] o.s.t.c.support.AbstractContextLoader    : Could not detect default resource locations for test class [com.one.springboot.domain.posts.PostsRepositoryTest]: no resource found for suffixes {-context.xml, Context.groovy}.
2020-04-25 23:55:20.135  INFO 8456 --- [    Test worker] t.c.s.AnnotationConfigContextLoaderUtils : Could not detect default configuration classes for test class [com.one.springboot.domain.posts.PostsRepositoryTest]: PostsRepositoryTest does not declare any static, non-private, non-final, nested classes annotated with @Configuration.
2020-04-25 23:55:20.154  INFO 8456 --- [    Test worker] .b.t.c.SpringBootTestContextBootstrapper : Found @SpringBootConfiguration com.one.springboot.Application for test class com.one.springboot.domain.posts.PostsRepositoryTest
2020-04-25 23:55:20.156  INFO 8456 --- [    Test worker] .b.t.c.SpringBootTestContextBootstrapper : Loaded default TestExecutionListener class names from location [META-INF/spring.factories]: [org.springframework.security.test.context.support.WithSecurityContextTestExecutionListener, org.springframework.security.test.context.support.ReactorContextTestExecutionListener, org.springframework.boot.test.autoconfigure.restdocs.RestDocsTestExecutionListener, org.springframework.boot.test.autoconfigure.web.client.MockRestServiceServerResetTestExecutionListener, org.springframework.boot.test.autoconfigure.web.servlet.MockMvcPrintOnlyOnFailureTestExecutionListener, org.springframework.boot.test.autoconfigure.web.servlet.WebDriverTestExecutionListener, org.springframework.boot.test.mock.mockito.MockitoTestExecutionListener, org.springframework.boot.test.mock.mockito.ResetMocksTestExecutionListener, org.springframework.test.context.web.ServletTestExecutionListener, org.springframework.test.context.support.DirtiesContextBeforeModesTestExecutionListener, org.springframework.test.context.support.DependencyInjectionTestExecutionListener, org.springframework.test.context.support.DirtiesContextTestExecutionListener, org.springframework.test.context.transaction.TransactionalTestExecutionListener, org.springframework.test.context.jdbc.SqlScriptsTestExecutionListener]
2020-04-25 23:55:20.159  INFO 8456 --- [    Test worker] .b.t.c.SpringBootTestContextBootstrapper : Using TestExecutionListeners: [org.springframework.test.context.web.ServletTestExecutionListener@3af49afa, org.springframework.test.context.support.DirtiesContextBeforeModesTestExecutionListener@245318e8, org.springframework.boot.test.mock.mockito.MockitoTestExecutionListener@2d011575, org.springframework.boot.test.autoconfigure.SpringBootDependencyInjectionTestExecutionListener@1cbc824d, org.springframework.test.context.support.DirtiesContextTestExecutionListener@281f86a, org.springframework.test.context.transaction.TransactionalTestExecutionListener@3e29248a, org.springframework.test.context.jdbc.SqlScriptsTestExecutionListener@1ba62487, org.springframework.security.test.context.support.WithSecurityContextTestExecutionListener@63707354, org.springframework.security.test.context.support.ReactorContextTestExecutionListener@6ebf85f8, org.springframework.boot.test.autoconfigure.restdocs.RestDocsTestExecutionListener@1945f1d1, org.springframework.boot.test.autoconfigure.web.client.MockRestServiceServerResetTestExecutionListener@336d7c62, org.springframework.boot.test.autoconfigure.web.servlet.MockMvcPrintOnlyOnFailureTestExecutionListener@53e74388, org.springframework.boot.test.autoconfigure.web.servlet.WebDriverTestExecutionListener@41e59c49, org.springframework.boot.test.mock.mockito.ResetMocksTestExecutionListener@779836dd]

  .   ____          _            __ _ _
 /\\ / ___'_ __ _ _(_)_ __  __ _ \ \ \ \
( ( )\___ | '_ | '_| | '_ \/ _` | \ \ \ \
 \\/  ___)| |_)| | | | | || (_| |  ) ) ) )
  '  |____| .__|_| |_|_| |_\__, | / / / /
 =========|_|==============|___/=/_/_/_/
 :: Spring Boot ::        (v2.1.7.RELEASE)

2020-04-25 23:55:20.228  INFO 8456 --- [    Test worker] c.o.s.domain.posts.PostsRepositoryTest   : Starting PostsRepositoryTest on DESKTOP-Q92IOF7 with PID 8456 (started by neo in C:\Users\neo\IdeaProjects\one)
2020-04-25 23:55:20.229  INFO 8456 --- [    Test worker] c.o.s.domain.posts.PostsRepositoryTest   : No active profile set, falling back to default profiles: default
2020-04-25 23:55:20.709  INFO 8456 --- [    Test worker] .s.d.r.c.RepositoryConfigurationDelegate : Bootstrapping Spring Data repositories in DEFAULT mode.
2020-04-25 23:55:20.780  INFO 8456 --- [    Test worker] .s.d.r.c.RepositoryConfigurationDelegate : Finished Spring Data repository scanning in 70ms. Found 2 repository interfaces.
2020-04-25 23:55:21.001  INFO 8456 --- [    Test worker] trationDelegate$BeanPostProcessorChecker : Bean 'org.springframework.transaction.annotation.ProxyTransactionManagementConfiguration' of type [org.springframework.transaction.annotation.ProxyTransactionManagementConfiguration$$EnhancerBySpringCGLIB$$38eebaae] is not eligible for getting processed by all BeanPostProcessors (for example: not eligible for auto-proxying)
2020-04-25 23:55:21.169  INFO 8456 --- [    Test worker] com.zaxxer.hikari.HikariDataSource       : HikariPool-2 - Starting...
2020-04-25 23:55:21.172  INFO 8456 --- [    Test worker] com.zaxxer.hikari.HikariDataSource       : HikariPool-2 - Start completed.
2020-04-25 23:55:21.214  INFO 8456 --- [    Test worker] o.hibernate.jpa.internal.util.LogHelper  : HHH000204: Processing PersistenceUnitInfo [
	name: default
	...]
2020-04-25 23:55:21.250  INFO 8456 --- [    Test worker] org.hibernate.dialect.Dialect            : HHH000400: Using dialect: org.hibernate.dialect.MySQL5InnoDBDialect
Hibernate: drop table if exists posts
Hibernate: drop table if exists user
Hibernate: create table posts (id bigint not null auto_increment, created_date datetime, modified_date datetime, author varchar(255), content TEXT not null, title varchar(500) not null, primary key (id)) engine=InnoDB
Hibernate: create table user (id bigint not null auto_increment, created_date datetime, modified_date datetime, email varchar(255) not null, name varchar(255) not null, picture varchar(255), role varchar(255) not null, primary key (id)) engine=InnoDB
2020-04-25 23:55:21.374  INFO 8456 --- [    Test worker] o.h.t.schema.internal.SchemaCreatorImpl  : HHH000476: Executing import script 'org.hibernate.tool.schema.internal.exec.ScriptSourceInputNonExistentImpl@11a5a3c1'
2020-04-25 23:55:21.375  INFO 8456 --- [    Test worker] j.LocalContainerEntityManagerFactoryBean : Initialized JPA EntityManagerFactory for persistence unit 'default'
2020-04-25 23:55:21.749  INFO 8456 --- [    Test worker] o.h.h.i.QueryTranslatorFactoryInitiator  : HHH000397: Using ASTQueryTranslatorFactory
2020-04-25 23:55:22.102  INFO 8456 --- [    Test worker] o.s.s.web.DefaultSecurityFilterChain     : Creating filter chain: any request, [org.springframework.security.web.context.request.async.WebAsyncManagerIntegrationFilter@68f3e0c1, org.springframework.security.web.context.SecurityContextPersistenceFilter@1a17b4ee, org.springframework.security.web.header.HeaderWriterFilter@78ce5167, org.springframework.security.web.authentication.logout.LogoutFilter@5967166e, org.springframework.security.oauth2.client.web.OAuth2AuthorizationRequestRedirectFilter@101b4f9, org.springframework.security.oauth2.client.web.OAuth2LoginAuthenticationFilter@30dbf154, org.springframework.security.web.authentication.ui.DefaultLoginPageGeneratingFilter@7ef07d9a, org.springframework.security.web.authentication.ui.DefaultLogoutPageGeneratingFilter@4b978361, org.springframework.security.web.savedrequest.RequestCacheAwareFilter@312c667d, org.springframework.security.web.servletapi.SecurityContextHolderAwareRequestFilter@3be34c56, org.springframework.security.web.authentication.AnonymousAuthenticationFilter@473d5096, org.springframework.security.web.session.SessionManagementFilter@46d070c0, org.springframework.security.web.access.ExceptionTranslationFilter@491c5180, org.springframework.security.web.access.intercept.FilterSecurityInterceptor@7fcb9197]
2020-04-25 23:55:22.640  INFO 8456 --- [    Test worker] o.s.s.concurrent.ThreadPoolTaskExecutor  : Initializing ExecutorService 'applicationTaskExecutor'
2020-04-25 23:55:22.656  WARN 8456 --- [    Test worker] aWebConfiguration$JpaWebMvcConfiguration : spring.jpa.open-in-view is enabled by default. Therefore, database queries may be performed during view rendering. Explicitly configure spring.jpa.open-in-view to disable this warning
2020-04-25 23:55:22.706  INFO 8456 --- [    Test worker] o.s.b.a.w.s.WelcomePageHandlerMapping    : Adding welcome page template: index
2020-04-25 23:55:23.341  INFO 8456 --- [    Test worker] s.a.ScheduledAnnotationBeanPostProcessor : No TaskScheduler/ScheduledExecutorService bean found for scheduled processing
2020-04-25 23:55:23.344  INFO 8456 --- [    Test worker] c.o.s.domain.posts.PostsRepositoryTest   : Started PostsRepositoryTest in 3.176 seconds (JVM running for 16.414)
Hibernate: insert into posts (created_date, modified_date, author, content, title) values (?, ?, ?, ?, ?)
Hibernate: select posts0_.id as id1_0_, posts0_.created_date as created_2_0_, posts0_.modified_date as modified3_0_, posts0_.author as author4_0_, posts0_.content as content5_0_, posts0_.title as title6_0_ from posts posts0_
Hibernate: select posts0_.id as id1_0_, posts0_.created_date as created_2_0_, posts0_.modified_date as modified3_0_, posts0_.author as author4_0_, posts0_.content as content5_0_, posts0_.title as title6_0_ from posts posts0_
Hibernate: delete from posts where id=?
Hibernate: insert into posts (created_date, modified_date, author, content, title) values (?, ?, ?, ?, ?)
Hibernate: select posts0_.id as id1_0_, posts0_.created_date as created_2_0_, posts0_.modified_date as modified3_0_, posts0_.author as author4_0_, posts0_.content as content5_0_, posts0_.title as title6_0_ from posts posts0_
>>>>>>>>>>>>>>>>>> createDate = 2020-04-25T23:55:23.563163, modifiedDate = 2020-04-25T23:55:23.563163
Hibernate: select posts0_.id as id1_0_, posts0_.created_date as created_2_0_, posts0_.modified_date as modified3_0_, posts0_.author as author4_0_, posts0_.content as content5_0_, posts0_.title as title6_0_ from posts posts0_
Hibernate: delete from posts where id=?
]]></system-out>
  <system-err><![CDATA[]]></system-err>
</testsuite>
